  Bug_2815_Regression_Test.cpp
  Main.cpp
Bug_2815_Regression_Test.obj : error LNK2001: symbole externe non résolu "__declspec(dllimport) public: int __thiscall ACE_Reactor::notify(class ACE_Event_Handler *,unsigned long,class ACE_Time_Value *)" (__imp_?notify@ACE_Reactor@@QAEHPAVACE_Event_Handler@@KPAVACE_Time_Value@@@Z)
Bug_2815_Regression_Test.obj : error LNK2001: symbole externe non résolu "__declspec(dllimport) public: virtual __thiscall ACE_Reactor::~ACE_Reactor(void)" (__imp_??1ACE_Reactor@@UAE@XZ)
Bug_2815_Regression_Test.obj : error LNK2001: symbole externe non résolu "__declspec(dllimport) public: __thiscall ACE_Reactor::ACE_Reactor(class ACE_Reactor_Impl *,bool)" (__imp_??0ACE_Reactor@@QAE@PAVACE_Reactor_Impl@@_N@Z)
Bug_2815_Regression_Test.obj : error LNK2001: symbole externe non résolu "__declspec(dllimport) public: int __thiscall ACE_Reactor::run_reactor_event_loop(class ACE_Time_Value &,int (__cdecl*)(class ACE_Reactor *))" (__imp_?run_reactor_event_loop@ACE_Reactor@@QAEHAAVACE_Time_Value@@P6AHPAV1@@Z@Z)
Bug_2815_Regression_Test.obj : error LNK2001: symbole externe non résolu "__declspec(dllimport) protected: virtual void __thiscall ACE_TP_Reactor::notify_handle(void *,unsigned long,class ACE_Handle_Set &,class ACE_Event_Handler *,int (__thiscall ACE_Event_Handler::*)(void *))" (__imp_?notify_handle@ACE_TP_Reactor@@MAEXPAXKAAVACE_Handle_Set@@PAVACE_Event_Handler@@P83@AEH0@Z@Z)
Bug_2815_Regression_Test.obj : error LNK2001: symbole externe non résolu "__declspec(dllimport) public: virtual int __thiscall ACE_TP_Reactor::owner(unsigned long,unsigned long *)" (__imp_?owner@ACE_TP_Reactor@@UAEHKPAK@Z)
Bug_2815_Regression_Test.obj : error LNK2001: symbole externe non résolu "__declspec(dllimport) public: virtual int __thiscall ACE_TP_Reactor::owner(unsigned long *)" (__imp_?owner@ACE_TP_Reactor@@UAEHPAK@Z)
Bug_2815_Regression_Test.obj : error LNK2001: symbole externe non résolu "__declspec(dllimport) public: virtual int __thiscall ACE_TP_Reactor::resumable_handler(void)" (__imp_?resumable_handler@ACE_TP_Reactor@@UAEHXZ)
Bug_2815_Regression_Test.obj : error LNK2001: symbole externe non résolu "__declspec(dllimport) public: virtual int __thiscall ACE_TP_Reactor::handle_events(class ACE_Time_Value *)" (__imp_?handle_events@ACE_TP_Reactor@@UAEHPAVACE_Time_Value@@@Z)
Bug_2815_Regression_Test.obj : error LNK2001: symbole externe non résolu "__declspec(dllimport) public: virtual int __thiscall ACE_TP_Reactor::handle_events(class ACE_Time_Value &)" (__imp_?handle_events@ACE_TP_Reactor@@UAEHAAVACE_Time_Value@@@Z)
Bug_2815_Regression_Test.obj : error LNK2001: symbole externe non résolu "__declspec(dllimport) public: __thiscall ACE_TP_Reactor::ACE_TP_Reactor(class ACE_Sig_Handler *,class ACE_Abstract_Timer_Queue<class ACE_Event_Handler *> *,bool,int)" (__imp_??0ACE_TP_Reactor@@QAE@PAVACE_Sig_Handler@@PAV?$ACE_Abstract_Timer_Queue@PAVACE_Event_Handler@@@@_NH@Z)
Bug_2815_Regression_Test.obj : error LNK2001: symbole externe non résolu "__declspec(dllimport) protected: virtual void __thiscall ACE_Select_Reactor_Impl::clear_dispatch_mask(void *,unsigned long)" (__imp_?clear_dispatch_mask@ACE_Select_Reactor_Impl@@MAEXPAXK@Z)
Bug_2815_Regression_Test.obj : error LNK2001: symbole externe non résolu "__declspec(dllimport) protected: virtual int __thiscall ACE_Select_Reactor_Impl::bit_ops(void *,unsigned long,class ACE_Select_Reactor_Handle_Set &,int)" (__imp_?bit_ops@ACE_Select_Reactor_Impl@@MAEHPAXKAAVACE_Select_Reactor_Handle_Set@@H@Z)
Bug_2815_Regression_Test.obj : error LNK2001: symbole externe non résolu "__declspec(dllimport) public: virtual int __thiscall ACE_Select_Reactor_Impl::resumable_handler(void)" (__imp_?resumable_handler@ACE_Select_Reactor_Impl@@UAEHXZ)
Bug_2815_Regression_Test.obj : error LNK2001: symbole externe non résolu "__declspec(dllimport) public: virtual int __thiscall ACE_Select_Reactor_Impl::purge_pending_notifications(class ACE_Event_Handler *,unsigned long)" (__imp_?purge_pending_notifications@ACE_Select_Reactor_Impl@@UAEHPAVACE_Event_Handler@@K@Z)
Bug_2815_Regression_Test.obj : error LNK2001: symbole externe non résolu "__declspec(dllimport) protected: virtual void __thiscall ACE_Select_Reactor_T<class ACE_Reactor_Token_T<class ACE_Token> >::renew(void)" (__imp_?renew@?$ACE_Select_Reactor_T@V?$ACE_Reactor_Token_T@VACE_Token@@@@@@MAEXXZ)
Bug_2815_Regression_Test.obj : error LNK2001: symbole externe non résolu "__declspec(dllimport) protected: virtual void __thiscall ACE_Select_Reactor_T<class ACE_Reactor_Token_T<class ACE_Token> >::notify_handle(void *,unsigned long,class ACE_Handle_Set &,class ACE_Event_Handler *,int (__thiscall ACE_Event_Handler::*)(void *))" (__imp_?notify_handle@?$ACE_Select_Reactor_T@V?$ACE_Reactor_Token_T@VACE_Token@@@@@@MAEXPAXKAAVACE_Handle_Set@@PAVACE_Event_Handler@@P83@AEH0@Z@Z)
Bug_2815_Regression_Test.obj : error LNK2001: symbole externe non résolu "__declspec(dllimport) protected: virtual int __thiscall ACE_Select_Reactor_T<class ACE_Reactor_Token_T<class ACE_Token> >::dispatch_io_set(int,int &,int,class ACE_Handle_Set &,class ACE_Handle_Set &,int (__thiscall ACE_Event_Handler::*)(void *))" (__imp_?dispatch_io_set@?$ACE_Select_Reactor_T@V?$ACE_Reactor_Token_T@VACE_Token@@@@@@MAEHHAAHHAAVACE_Handle_Set@@1P8ACE_Event_Handler@@AEHPAX@Z@Z)
Bug_2815_Regression_Test.obj : error LNK2001: symbole externe non résolu "__declspec(dllimport) protected: virtual int __thiscall ACE_Select_Reactor_T<class ACE_Reactor_Token_T<class ACE_Token> >::dispatch_io_handlers(class ACE_Select_Reactor_Handle_Set &,int &,int &)" (__imp_?dispatch_io_handlers@?$ACE_Select_Reactor_T@V?$ACE_Reactor_Token_T@VACE_Token@@@@@@MAEHAAVACE_Select_Reactor_Handle_Set@@AAH1@Z)
Bug_2815_Regression_Test.obj : error LNK2001: symbole externe non résolu "__declspec(dllimport) protected: virtual int __thiscall ACE_Select_Reactor_T<class ACE_Reactor_Token_T<class ACE_Token> >::dispatch_notification_handlers(class ACE_Select_Reactor_Handle_Set &,int &,int &)" (__imp_?dispatch_notification_handlers@?$ACE_Select_Reactor_T@V?$ACE_Reactor_Token_T@VACE_Token@@@@@@MAEHAAVACE_Select_Reactor_Handle_Set@@AAH1@Z)
Bug_2815_Regression_Test.obj : error LNK2001: symbole externe non résolu "__declspec(dllimport) protected: virtual int __thiscall ACE_Select_Reactor_T<class ACE_Reactor_Token_T<class ACE_Token> >::dispatch_timer_handlers(int &)" (__imp_?dispatch_timer_handlers@?$ACE_Select_Reactor_T@V?$ACE_Reactor_Token_T@VACE_Token@@@@@@MAEHAAH@Z)
Bug_2815_Regression_Test.obj : error LNK2001: symbole externe non résolu "__declspec(dllimport) protected: virtual int __thiscall ACE_Select_Reactor_T<class ACE_Reactor_Token_T<class ACE_Token> >::dispatch(int,class ACE_Select_Reactor_Handle_Set &)" (__imp_?dispatch@?$ACE_Select_Reactor_T@V?$ACE_Reactor_Token_T@VACE_Token@@@@@@MAEHHAAVACE_Select_Reactor_Handle_Set@@@Z)
Bug_2815_Regression_Test.obj : error LNK2001: symbole externe non résolu "__declspec(dllimport) protected: virtual int __thiscall ACE_Select_Reactor_T<class ACE_Reactor_Token_T<class ACE_Token> >::wait_for_multiple_events(class ACE_Select_Reactor_Handle_Set &,class ACE_Time_Value *)" (__imp_?wait_for_multiple_events@?$ACE_Select_Reactor_T@V?$ACE_Reactor_Token_T@VACE_Token@@@@@@MAEHAAVACE_Select_Reactor_Handle_Set@@PAVACE_Time_Value@@@Z)
Bug_2815_Regression_Test.obj : error LNK2001: symbole externe non résolu "__declspec(dllimport) protected: virtual int __thiscall ACE_Select_Reactor_T<class ACE_Reactor_Token_T<class ACE_Token> >::check_handles(void)" (__imp_?check_handles@?$ACE_Select_Reactor_T@V?$ACE_Reactor_Token_T@VACE_Token@@@@@@MAEHXZ)
Bug_2815_Regression_Test.obj : error LNK2001: symbole externe non résolu "__declspec(dllimport) protected: virtual int __thiscall ACE_Select_Reactor_T<class ACE_Reactor_Token_T<class ACE_Token> >::handle_error(void)" (__imp_?handle_error@?$ACE_Select_Reactor_T@V?$ACE_Reactor_Token_T@VACE_Token@@@@@@MAEHXZ)
Bug_2815_Regression_Test.obj : error LNK2001: symbole externe non résolu "__declspec(dllimport) protected: virtual int __thiscall ACE_Select_Reactor_T<class ACE_Reactor_Token_T<class ACE_Token> >::any_ready_i(class ACE_Select_Reactor_Handle_Set &)" (__imp_?any_ready_i@?$ACE_Select_Reactor_T@V?$ACE_Reactor_Token_T@VACE_Token@@@@@@MAEHAAVACE_Select_Reactor_Handle_Set@@@Z)
Bug_2815_Regression_Test.obj : error LNK2001: symbole externe non résolu "__declspec(dllimport) protected: virtual int __thiscall ACE_Select_Reactor_T<class ACE_Reactor_Token_T<class ACE_Token> >::any_ready(class ACE_Select_Reactor_Handle_Set &)" (__imp_?any_ready@?$ACE_Select_Reactor_T@V?$ACE_Reactor_Token_T@VACE_Token@@@@@@MAEHAAVACE_Select_Reactor_Handle_Set@@@Z)
Bug_2815_Regression_Test.obj : error LNK2001: symbole externe non résolu "__declspec(dllimport) protected: virtual int __thiscall ACE_Select_Reactor_T<class ACE_Reactor_Token_T<class ACE_Token> >::handler_i(void *,unsigned long,class ACE_Event_Handler * *)" (__imp_?handler_i@?$ACE_Select_Reactor_T@V?$ACE_Reactor_Token_T@VACE_Token@@@@@@MAEHPAXKPAPAVACE_Event_Handler@@@Z)
Bug_2815_Regression_Test.obj : error LNK2001: symbole externe non résolu "__declspec(dllimport) protected: virtual int __thiscall ACE_Select_Reactor_T<class ACE_Reactor_Token_T<class ACE_Token> >::handler_i(int,class ACE_Event_Handler * *)" (__imp_?handler_i@?$ACE_Select_Reactor_T@V?$ACE_Reactor_Token_T@VACE_Token@@@@@@MAEHHPAPAVACE_Event_Handler@@@Z)
Bug_2815_Regression_Test.obj : error LNK2001: symbole externe non résolu "__declspec(dllimport) protected: virtual class ACE_Event_Handler * __thiscall ACE_Select_Reactor_T<class ACE_Reactor_Token_T<class ACE_Token> >::find_handler_i(void *)" (__imp_?find_handler_i@?$ACE_Select_Reactor_T@V?$ACE_Reactor_Token_T@VACE_Token@@@@@@MAEPAVACE_Event_Handler@@PAX@Z)
Bug_2815_Regression_Test.obj : error LNK2001: symbole externe non résolu "__declspec(dllimport) protected: virtual int __thiscall ACE_Select_Reactor_T<class ACE_Reactor_Token_T<class ACE_Token> >::resume_i(void *)" (__imp_?resume_i@?$ACE_Select_Reactor_T@V?$ACE_Reactor_Token_T@VACE_Token@@@@@@MAEHPAX@Z)
Bug_2815_Regression_Test.obj : error LNK2001: symbole externe non résolu "__declspec(dllimport) protected: virtual int __thiscall ACE_Select_Reactor_T<class ACE_Reactor_Token_T<class ACE_Token> >::is_suspended_i(void *)" (__imp_?is_suspended_i@?$ACE_Select_Reactor_T@V?$ACE_Reactor_Token_T@VACE_Token@@@@@@MAEHPAX@Z)
Bug_2815_Regression_Test.obj : error LNK2001: symbole externe non résolu "__declspec(dllimport) protected: virtual int __thiscall ACE_Select_Reactor_T<class ACE_Reactor_Token_T<class ACE_Token> >::suspend_i(void *)" (__imp_?suspend_i@?$ACE_Select_Reactor_T@V?$ACE_Reactor_Token_T@VACE_Token@@@@@@MAEHPAX@Z)
Bug_2815_Regression_Test.obj : error LNK2001: symbole externe non résolu "__declspec(dllimport) protected: virtual int __thiscall ACE_Select_Reactor_T<class ACE_Reactor_Token_T<class ACE_Token> >::remove_handler_i(void *,unsigned long)" (__imp_?remove_handler_i@?$ACE_Select_Reactor_T@V?$ACE_Reactor_Token_T@VACE_Token@@@@@@MAEHPAXK@Z)
Bug_2815_Regression_Test.obj : error LNK2001: symbole externe non résolu "__declspec(dllimport) protected: virtual int __thiscall ACE_Select_Reactor_T<class ACE_Reactor_Token_T<class ACE_Token> >::remove_handler_i(class ACE_Handle_Set const &,unsigned long)" (__imp_?remove_handler_i@?$ACE_Select_Reactor_T@V?$ACE_Reactor_Token_T@VACE_Token@@@@@@MAEHABVACE_Handle_Set@@K@Z)
Bug_2815_Regression_Test.obj : error LNK2001: symbole externe non résolu "__declspec(dllimport) protected: virtual int __thiscall ACE_Select_Reactor_T<class ACE_Reactor_Token_T<class ACE_Token> >::register_handler_i(void *,class ACE_Event_Handler *,unsigned long)" (__imp_?register_handler_i@?$ACE_Select_Reactor_T@V?$ACE_Reactor_Token_T@VACE_Token@@@@@@MAEHPAXPAVACE_Event_Handler@@K@Z)
Bug_2815_Regression_Test.obj : error LNK2001: symbole externe non résolu "__declspec(dllimport) protected: virtual int __thiscall ACE_Select_Reactor_T<class ACE_Reactor_Token_T<class ACE_Token> >::register_handler_i(class ACE_Handle_Set const &,class ACE_Event_Handler *,unsigned long)" (__imp_?register_handler_i@?$ACE_Select_Reactor_T@V?$ACE_Reactor_Token_T@VACE_Token@@@@@@MAEHABVACE_Handle_Set@@PAVACE_Event_Handler@@K@Z)
Bug_2815_Regression_Test.obj : error LNK2001: symbole externe non résolu "__declspec(dllimport) public: virtual void __thiscall ACE_Select_Reactor_T<class ACE_Reactor_Token_T<class ACE_Token> >::dump(void)const " (__imp_?dump@?$ACE_Select_Reactor_T@V?$ACE_Reactor_Token_T@VACE_Token@@@@@@UBEXXZ)
Bug_2815_Regression_Test.obj : error LNK2001: symbole externe non résolu "__declspec(dllimport) public: virtual class ACE_Lock & __thiscall ACE_Select_Reactor_T<class ACE_Reactor_Token_T<class ACE_Token> >::lock(void)" (__imp_?lock@?$ACE_Select_Reactor_T@V?$ACE_Reactor_Token_T@VACE_Token@@@@@@UAEAAVACE_Lock@@XZ)
Bug_2815_Regression_Test.obj : error LNK2001: symbole externe non résolu "__declspec(dllimport) public: virtual unsigned int __thiscall ACE_Select_Reactor_T<class ACE_Reactor_Token_T<class ACE_Token> >::size(void)const " (__imp_?size@?$ACE_Select_Reactor_T@V?$ACE_Reactor_Token_T@VACE_Token@@@@@@UBEIXZ)
Bug_2815_Regression_Test.obj : error LNK2001: symbole externe non résolu "__declspec(dllimport) public: virtual bool __thiscall ACE_Select_Reactor_T<class ACE_Reactor_Token_T<class ACE_Token> >::initialized(void)" (__imp_?initialized@?$ACE_Select_Reactor_T@V?$ACE_Reactor_Token_T@VACE_Token@@@@@@UAE_NXZ)
Bug_2815_Regression_Test.obj : error LNK2001: symbole externe non résolu "__declspec(dllimport) public: virtual int __thiscall ACE_Select_Reactor_T<class ACE_Reactor_Token_T<class ACE_Token> >::handler(void *,unsigned long,class ACE_Event_Handler * *)" (__imp_?handler@?$ACE_Select_Reactor_T@V?$ACE_Reactor_Token_T@VACE_Token@@@@@@UAEHPAXKPAPAVACE_Event_Handler@@@Z)
Bug_2815_Regression_Test.obj : error LNK2001: symbole externe non résolu "__declspec(dllimport) public: virtual int __thiscall ACE_Select_Reactor_T<class ACE_Reactor_Token_T<class ACE_Token> >::handler(int,class ACE_Event_Handler * *)" (__imp_?handler@?$ACE_Select_Reactor_T@V?$ACE_Reactor_Token_T@VACE_Token@@@@@@UAEHHPAPAVACE_Event_Handler@@@Z)
Bug_2815_Regression_Test.obj : error LNK2001: symbole externe non résolu "__declspec(dllimport) public: virtual class ACE_Event_Handler * __thiscall ACE_Select_Reactor_T<class ACE_Reactor_Token_T<class ACE_Token> >::find_handler(void *)" (__imp_?find_handler@?$ACE_Select_Reactor_T@V?$ACE_Reactor_Token_T@VACE_Token@@@@@@UAEPAVACE_Event_Handler@@PAX@Z)
Bug_2815_Regression_Test.obj : error LNK2001: symbole externe non résolu "__declspec(dllimport) public: virtual int __thiscall ACE_Select_Reactor_T<class ACE_Reactor_Token_T<class ACE_Token> >::owner(unsigned long,unsigned long *)" (__imp_?owner@?$ACE_Select_Reactor_T@V?$ACE_Reactor_Token_T@VACE_Token@@@@@@UAEHKPAK@Z)
Bug_2815_Regression_Test.obj : error LNK2001: symbole externe non résolu "__declspec(dllimport) public: virtual int __thiscall ACE_Select_Reactor_T<class ACE_Reactor_Token_T<class ACE_Token> >::owner(unsigned long *)" (__imp_?owner@?$ACE_Select_Reactor_T@V?$ACE_Reactor_Token_T@VACE_Token@@@@@@UAEHPAK@Z)
Bug_2815_Regression_Test.obj : error LNK2001: symbole externe non résolu "__declspec(dllimport) public: virtual void __thiscall ACE_Select_Reactor_T<class ACE_Reactor_Token_T<class ACE_Token> >::wakeup_all_threads(void)" (__imp_?wakeup_all_threads@?$ACE_Select_Reactor_T@V?$ACE_Reactor_Token_T@VACE_Token@@@@@@UAEXXZ)
Bug_2815_Regression_Test.obj : error LNK2001: symbole externe non résolu "__declspec(dllimport) public: virtual int __thiscall ACE_Select_Reactor_T<class ACE_Reactor_Token_T<class ACE_Token> >::ready_ops(class ACE_Event_Handler *,unsigned long,int)" (__imp_?ready_ops@?$ACE_Select_Reactor_T@V?$ACE_Reactor_Token_T@VACE_Token@@@@@@UAEHPAVACE_Event_Handler@@KH@Z)
Bug_2815_Regression_Test.obj : error LNK2001: symbole externe non résolu "__declspec(dllimport) public: virtual int __thiscall ACE_Select_Reactor_T<class ACE_Reactor_Token_T<class ACE_Token> >::ready_ops(void *,unsigned long,int)" (__imp_?ready_ops@?$ACE_Select_Reactor_T@V?$ACE_Reactor_Token_T@VACE_Token@@@@@@UAEHPAXKH@Z)
Bug_2815_Regression_Test.obj : error LNK2001: symbole externe non résolu "__declspec(dllimport) public: virtual int __thiscall ACE_Select_Reactor_T<class ACE_Reactor_Token_T<class ACE_Token> >::mask_ops(class ACE_Event_Handler *,unsigned long,int)" (__imp_?mask_ops@?$ACE_Select_Reactor_T@V?$ACE_Reactor_Token_T@VACE_Token@@@@@@UAEHPAVACE_Event_Handler@@KH@Z)
Bug_2815_Regression_Test.obj : error LNK2001: symbole externe non résolu "__declspec(dllimport) public: virtual int __thiscall ACE_Select_Reactor_T<class ACE_Reactor_Token_T<class ACE_Token> >::mask_ops(void *,unsigned long,int)" (__imp_?mask_ops@?$ACE_Select_Reactor_T@V?$ACE_Reactor_Token_T@VACE_Token@@@@@@UAEHPAXKH@Z)
Bug_2815_Regression_Test.obj : error LNK2001: symbole externe non résolu "__declspec(dllimport) public: virtual void __thiscall ACE_Select_Reactor_T<class ACE_Reactor_Token_T<class ACE_Token> >::requeue_position(int)" (__imp_?requeue_position@?$ACE_Select_Reactor_T@V?$ACE_Reactor_Token_T@VACE_Token@@@@@@UAEXH@Z)
Bug_2815_Regression_Test.obj : error LNK2001: symbole externe non résolu "__declspec(dllimport) public: virtual int __thiscall ACE_Select_Reactor_T<class ACE_Reactor_Token_T<class ACE_Token> >::requeue_position(void)" (__imp_?requeue_position@?$ACE_Select_Reactor_T@V?$ACE_Reactor_Token_T@VACE_Token@@@@@@UAEHXZ)
Bug_2815_Regression_Test.obj : error LNK2001: symbole externe non résolu "__declspec(dllimport) public: virtual bool __thiscall ACE_Select_Reactor_T<class ACE_Reactor_Token_T<class ACE_Token> >::restart(void)" (__imp_?restart@?$ACE_Select_Reactor_T@V?$ACE_Reactor_Token_T@VACE_Token@@@@@@UAE_NXZ)
Bug_2815_Regression_Test.obj : error LNK2001: symbole externe non résolu "__declspec(dllimport) public: virtual bool __thiscall ACE_Select_Reactor_T<class ACE_Reactor_Token_T<class ACE_Token> >::restart(bool)" (__imp_?restart@?$ACE_Select_Reactor_T@V?$ACE_Reactor_Token_T@VACE_Token@@@@@@UAE_N_N@Z)
Bug_2815_Regression_Test.obj : error LNK2001: symbole externe non résolu "__declspec(dllimport) public: virtual void __thiscall ACE_Select_Reactor_T<class ACE_Reactor_Token_T<class ACE_Token> >::max_notify_iterations(int)" (__imp_?max_notify_iterations@?$ACE_Select_Reactor_T@V?$ACE_Reactor_Token_T@VACE_Token@@@@@@UAEXH@Z)
Bug_2815_Regression_Test.obj : error LNK2001: symbole externe non résolu "__declspec(dllimport) public: virtual int __thiscall ACE_Select_Reactor_T<class ACE_Reactor_Token_T<class ACE_Token> >::max_notify_iterations(void)" (__imp_?max_notify_iterations@?$ACE_Select_Reactor_T@V?$ACE_Reactor_Token_T@VACE_Token@@@@@@UAEHXZ)
Bug_2815_Regression_Test.obj : error LNK2001: symbole externe non résolu "__declspec(dllimport) public: virtual int __thiscall ACE_Select_Reactor_T<class ACE_Reactor_Token_T<class ACE_Token> >::notify(class ACE_Event_Handler *,unsigned long,class ACE_Time_Value *)" (__imp_?notify@?$ACE_Select_Reactor_T@V?$ACE_Reactor_Token_T@VACE_Token@@@@@@UAEHPAVACE_Event_Handler@@KPAVACE_Time_Value@@@Z)
Bug_2815_Regression_Test.obj : error LNK2001: symbole externe non résolu "__declspec(dllimport) public: virtual int __thiscall ACE_Select_Reactor_T<class ACE_Reactor_Token_T<class ACE_Token> >::cancel_wakeup(class ACE_Event_Handler *,unsigned long)" (__imp_?cancel_wakeup@?$ACE_Select_Reactor_T@V?$ACE_Reactor_Token_T@VACE_Token@@@@@@UAEHPAVACE_Event_Handler@@K@Z)
Bug_2815_Regression_Test.obj : error LNK2001: symbole externe non résolu "__declspec(dllimport) public: virtual int __thiscall ACE_Select_Reactor_T<class ACE_Reactor_Token_T<class ACE_Token> >::cancel_wakeup(void *,unsigned long)" (__imp_?cancel_wakeup@?$ACE_Select_Reactor_T@V?$ACE_Reactor_Token_T@VACE_Token@@@@@@UAEHPAXK@Z)
Bug_2815_Regression_Test.obj : error LNK2001: symbole externe non résolu "__declspec(dllimport) public: virtual int __thiscall ACE_Select_Reactor_T<class ACE_Reactor_Token_T<class ACE_Token> >::schedule_wakeup(class ACE_Event_Handler *,unsigned long)" (__imp_?schedule_wakeup@?$ACE_Select_Reactor_T@V?$ACE_Reactor_Token_T@VACE_Token@@@@@@UAEHPAVACE_Event_Handler@@K@Z)
Bug_2815_Regression_Test.obj : error LNK2001: symbole externe non résolu "__declspec(dllimport) public: virtual int __thiscall ACE_Select_Reactor_T<class ACE_Reactor_Token_T<class ACE_Token> >::schedule_wakeup(void *,unsigned long)" (__imp_?schedule_wakeup@?$ACE_Select_Reactor_T@V?$ACE_Reactor_Token_T@VACE_Token@@@@@@UAEHPAXK@Z)
Bug_2815_Regression_Test.obj : error LNK2001: symbole externe non résolu "__declspec(dllimport) public: virtual int __thiscall ACE_Select_Reactor_T<class ACE_Reactor_Token_T<class ACE_Token> >::cancel_timer(class ACE_Event_Handler *,int)" (__imp_?cancel_timer@?$ACE_Select_Reactor_T@V?$ACE_Reactor_Token_T@VACE_Token@@@@@@UAEHPAVACE_Event_Handler@@H@Z)
Bug_2815_Regression_Test.obj : error LNK2001: symbole externe non résolu "__declspec(dllimport) public: virtual int __thiscall ACE_Select_Reactor_T<class ACE_Reactor_Token_T<class ACE_Token> >::cancel_timer(long,void const * *,int)" (__imp_?cancel_timer@?$ACE_Select_Reactor_T@V?$ACE_Reactor_Token_T@VACE_Token@@@@@@UAEHJPAPBXH@Z)
Bug_2815_Regression_Test.obj : error LNK2001: symbole externe non résolu "__declspec(dllimport) public: virtual int __thiscall ACE_Select_Reactor_T<class ACE_Reactor_Token_T<class ACE_Token> >::reset_timer_interval(long,class ACE_Time_Value const &)" (__imp_?reset_timer_interval@?$ACE_Select_Reactor_T@V?$ACE_Reactor_Token_T@VACE_Token@@@@@@UAEHJABVACE_Time_Value@@@Z)
Bug_2815_Regression_Test.obj : error LNK2001: symbole externe non résolu "__declspec(dllimport) public: virtual long __thiscall ACE_Select_Reactor_T<class ACE_Reactor_Token_T<class ACE_Token> >::schedule_timer(class ACE_Event_Handler *,void const *,class ACE_Time_Value const &,class ACE_Time_Value const &)" (__imp_?schedule_timer@?$ACE_Select_Reactor_T@V?$ACE_Reactor_Token_T@VACE_Token@@@@@@UAEJPAVACE_Event_Handler@@PBXABVACE_Time_Value@@2@Z)
Bug_2815_Regression_Test.obj : error LNK2001: symbole externe non résolu "__declspec(dllimport) public: virtual bool __thiscall ACE_Select_Reactor_T<class ACE_Reactor_Token_T<class ACE_Token> >::uses_event_associations(void)" (__imp_?uses_event_associations@?$ACE_Select_Reactor_T@V?$ACE_Reactor_Token_T@VACE_Token@@@@@@UAE_NXZ)
Bug_2815_Regression_Test.obj : error LNK2001: symbole externe non résolu "__declspec(dllimport) public: virtual int __thiscall ACE_Select_Reactor_T<class ACE_Reactor_Token_T<class ACE_Token> >::resume_handlers(void)" (__imp_?resume_handlers@?$ACE_Select_Reactor_T@V?$ACE_Reactor_Token_T@VACE_Token@@@@@@UAEHXZ)
Bug_2815_Regression_Test.obj : error LNK2001: symbole externe non résolu "__declspec(dllimport) public: virtual int __thiscall ACE_Select_Reactor_T<class ACE_Reactor_Token_T<class ACE_Token> >::resume_handler(class ACE_Event_Handler *)" (__imp_?resume_handler@?$ACE_Select_Reactor_T@V?$ACE_Reactor_Token_T@VACE_Token@@@@@@UAEHPAVACE_Event_Handler@@@Z)
Bug_2815_Regression_Test.obj : error LNK2001: symbole externe non résolu "__declspec(dllimport) public: virtual int __thiscall ACE_Select_Reactor_T<class ACE_Reactor_Token_T<class ACE_Token> >::resume_handler(void *)" (__imp_?resume_handler@?$ACE_Select_Reactor_T@V?$ACE_Reactor_Token_T@VACE_Token@@@@@@UAEHPAX@Z)
Bug_2815_Regression_Test.obj : error LNK2001: symbole externe non résolu "__declspec(dllimport) public: virtual int __thiscall ACE_Select_Reactor_T<class ACE_Reactor_Token_T<class ACE_Token> >::resume_handler(class ACE_Handle_Set const &)" (__imp_?resume_handler@?$ACE_Select_Reactor_T@V?$ACE_Reactor_Token_T@VACE_Token@@@@@@UAEHABVACE_Handle_Set@@@Z)
Bug_2815_Regression_Test.obj : error LNK2001: symbole externe non résolu "__declspec(dllimport) public: virtual int __thiscall ACE_Select_Reactor_T<class ACE_Reactor_Token_T<class ACE_Token> >::suspend_handlers(void)" (__imp_?suspend_handlers@?$ACE_Select_Reactor_T@V?$ACE_Reactor_Token_T@VACE_Token@@@@@@UAEHXZ)
Bug_2815_Regression_Test.obj : error LNK2001: symbole externe non résolu "__declspec(dllimport) public: virtual int __thiscall ACE_Select_Reactor_T<class ACE_Reactor_Token_T<class ACE_Token> >::suspend_handler(class ACE_Event_Handler *)" (__imp_?suspend_handler@?$ACE_Select_Reactor_T@V?$ACE_Reactor_Token_T@VACE_Token@@@@@@UAEHPAVACE_Event_Handler@@@Z)
Bug_2815_Regression_Test.obj : error LNK2001: symbole externe non résolu "__declspec(dllimport) public: virtual int __thiscall ACE_Select_Reactor_T<class ACE_Reactor_Token_T<class ACE_Token> >::suspend_handler(void *)" (__imp_?suspend_handler@?$ACE_Select_Reactor_T@V?$ACE_Reactor_Token_T@VACE_Token@@@@@@UAEHPAX@Z)
Bug_2815_Regression_Test.obj : error LNK2001: symbole externe non résolu "__declspec(dllimport) public: virtual int __thiscall ACE_Select_Reactor_T<class ACE_Reactor_Token_T<class ACE_Token> >::suspend_handler(class ACE_Handle_Set const &)" (__imp_?suspend_handler@?$ACE_Select_Reactor_T@V?$ACE_Reactor_Token_T@VACE_Token@@@@@@UAEHABVACE_Handle_Set@@@Z)
Bug_2815_Regression_Test.obj : error LNK2001: symbole externe non résolu "__declspec(dllimport) public: virtual int __thiscall ACE_Select_Reactor_T<class ACE_Reactor_Token_T<class ACE_Token> >::remove_handler(class ACE_Event_Handler *,unsigned long)" (__imp_?remove_handler@?$ACE_Select_Reactor_T@V?$ACE_Reactor_Token_T@VACE_Token@@@@@@UAEHPAVACE_Event_Handler@@K@Z)
Bug_2815_Regression_Test.obj : error LNK2001: symbole externe non résolu "__declspec(dllimport) public: virtual int __thiscall ACE_Select_Reactor_T<class ACE_Reactor_Token_T<class ACE_Token> >::remove_handler(void *,unsigned long)" (__imp_?remove_handler@?$ACE_Select_Reactor_T@V?$ACE_Reactor_Token_T@VACE_Token@@@@@@UAEHPAXK@Z)
Bug_2815_Regression_Test.obj : error LNK2001: symbole externe non résolu "__declspec(dllimport) public: virtual int __thiscall ACE_Select_Reactor_T<class ACE_Reactor_Token_T<class ACE_Token> >::remove_handler(class ACE_Handle_Set const &,unsigned long)" (__imp_?remove_handler@?$ACE_Select_Reactor_T@V?$ACE_Reactor_Token_T@VACE_Token@@@@@@UAEHABVACE_Handle_Set@@K@Z)
Bug_2815_Regression_Test.obj : error LNK2001: symbole externe non résolu "__declspec(dllimport) public: virtual int __thiscall ACE_Select_Reactor_T<class ACE_Reactor_Token_T<class ACE_Token> >::remove_handler(int,class ACE_Sig_Action *,class ACE_Sig_Action *,int)" (__imp_?remove_handler@?$ACE_Select_Reactor_T@V?$ACE_Reactor_Token_T@VACE_Token@@@@@@UAEHHPAVACE_Sig_Action@@0H@Z)
Bug_2815_Regression_Test.obj : error LNK2001: symbole externe non résolu "__declspec(dllimport) public: virtual int __thiscall ACE_Select_Reactor_T<class ACE_Reactor_Token_T<class ACE_Token> >::remove_handler(class ACE_Sig_Set const &)" (__imp_?remove_handler@?$ACE_Select_Reactor_T@V?$ACE_Reactor_Token_T@VACE_Token@@@@@@UAEHABVACE_Sig_Set@@@Z)
Bug_2815_Regression_Test.obj : error LNK2001: symbole externe non résolu "__declspec(dllimport) public: virtual int __thiscall ACE_Select_Reactor_T<class ACE_Reactor_Token_T<class ACE_Token> >::register_handler(class ACE_Event_Handler *,unsigned long)" (__imp_?register_handler@?$ACE_Select_Reactor_T@V?$ACE_Reactor_Token_T@VACE_Token@@@@@@UAEHPAVACE_Event_Handler@@K@Z)
Bug_2815_Regression_Test.obj : error LNK2001: symbole externe non résolu "__declspec(dllimport) public: virtual int __thiscall ACE_Select_Reactor_T<class ACE_Reactor_Token_T<class ACE_Token> >::register_handler(void *,class ACE_Event_Handler *,unsigned long)" (__imp_?register_handler@?$ACE_Select_Reactor_T@V?$ACE_Reactor_Token_T@VACE_Token@@@@@@UAEHPAXPAVACE_Event_Handler@@K@Z)
Bug_2815_Regression_Test.obj : error LNK2001: symbole externe non résolu "__declspec(dllimport) public: virtual int __thiscall ACE_Select_Reactor_T<class ACE_Reactor_Token_T<class ACE_Token> >::register_handler(class ACE_Event_Handler *,void *)" (__imp_?register_handler@?$ACE_Select_Reactor_T@V?$ACE_Reactor_Token_T@VACE_Token@@@@@@UAEHPAVACE_Event_Handler@@PAX@Z)
Bug_2815_Regression_Test.obj : error LNK2001: symbole externe non résolu "__declspec(dllimport) public: virtual int __thiscall ACE_Select_Reactor_T<class ACE_Reactor_Token_T<class ACE_Token> >::register_handler(void *,void *,class ACE_Event_Handler *,unsigned long)" (__imp_?register_handler@?$ACE_Select_Reactor_T@V?$ACE_Reactor_Token_T@VACE_Token@@@@@@UAEHPAX0PAVACE_Event_Handler@@K@Z)
Bug_2815_Regression_Test.obj : error LNK2001: symbole externe non résolu "__declspec(dllimport) public: virtual int __thiscall ACE_Select_Reactor_T<class ACE_Reactor_Token_T<class ACE_Token> >::register_handler(class ACE_Handle_Set const &,class ACE_Event_Handler *,unsigned long)" (__imp_?register_handler@?$ACE_Select_Reactor_T@V?$ACE_Reactor_Token_T@VACE_Token@@@@@@UAEHABVACE_Handle_Set@@PAVACE_Event_Handler@@K@Z)
Bug_2815_Regression_Test.obj : error LNK2001: symbole externe non résolu "__declspec(dllimport) public: virtual int __thiscall ACE_Select_Reactor_T<class ACE_Reactor_Token_T<class ACE_Token> >::register_handler(int,class ACE_Event_Handler *,class ACE_Sig_Action *,class ACE_Event_Handler * *,class ACE_Sig_Action *)" (__imp_?register_handler@?$ACE_Select_Reactor_T@V?$ACE_Reactor_Token_T@VACE_Token@@@@@@UAEHHPAVACE_Event_Handler@@PAVACE_Sig_Action@@PAPAV2@1@Z)
Bug_2815_Regression_Test.obj : error LNK2001: symbole externe non résolu "__declspec(dllimport) public: virtual int __thiscall ACE_Select_Reactor_T<class ACE_Reactor_Token_T<class ACE_Token> >::register_handler(class ACE_Sig_Set const &,class ACE_Event_Handler *,class ACE_Sig_Action *)" (__imp_?register_handler@?$ACE_Select_Reactor_T@V?$ACE_Reactor_Token_T@VACE_Token@@@@@@UAEHABVACE_Sig_Set@@PAVACE_Event_Handler@@PAVACE_Sig_Action@@@Z)
Bug_2815_Regression_Test.obj : error LNK2001: symbole externe non résolu "__declspec(dllimport) public: virtual void __thiscall ACE_Select_Reactor_T<class ACE_Reactor_Token_T<class ACE_Token> >::deactivate(int)" (__imp_?deactivate@?$ACE_Select_Reactor_T@V?$ACE_Reactor_Token_T@VACE_Token@@@@@@UAEXH@Z)
Bug_2815_Regression_Test.obj : error LNK2001: symbole externe non résolu "__declspec(dllimport) public: virtual int __thiscall ACE_Select_Reactor_T<class ACE_Reactor_Token_T<class ACE_Token> >::deactivated(void)" (__imp_?deactivated@?$ACE_Select_Reactor_T@V?$ACE_Reactor_Token_T@VACE_Token@@@@@@UAEHXZ)
Bug_2815_Regression_Test.obj : error LNK2001: symbole externe non résolu "__declspec(dllimport) public: virtual int __thiscall ACE_Select_Reactor_T<class ACE_Reactor_Token_T<class ACE_Token> >::alertable_handle_events(class ACE_Time_Value *)" (__imp_?alertable_handle_events@?$ACE_Select_Reactor_T@V?$ACE_Reactor_Token_T@VACE_Token@@@@@@UAEHPAVACE_Time_Value@@@Z)
Bug_2815_Regression_Test.obj : error LNK2001: symbole externe non résolu "__declspec(dllimport) public: virtual int __thiscall ACE_Select_Reactor_T<class ACE_Reactor_Token_T<class ACE_Token> >::alertable_handle_events(class ACE_Time_Value &)" (__imp_?alertable_handle_events@?$ACE_Select_Reactor_T@V?$ACE_Reactor_Token_T@VACE_Token@@@@@@UAEHAAVACE_Time_Value@@@Z)
Bug_2815_Regression_Test.obj : error LNK2001: symbole externe non résolu "__declspec(dllimport) public: virtual int __thiscall ACE_Select_Reactor_T<class ACE_Reactor_Token_T<class ACE_Token> >::handle_events(class ACE_Time_Value *)" (__imp_?handle_events@?$ACE_Select_Reactor_T@V?$ACE_Reactor_Token_T@VACE_Token@@@@@@UAEHPAVACE_Time_Value@@@Z)
Bug_2815_Regression_Test.obj : error LNK2001: symbole externe non résolu "__declspec(dllimport) public: virtual int __thiscall ACE_Select_Reactor_T<class ACE_Reactor_Token_T<class ACE_Token> >::handle_events(class ACE_Time_Value &)" (__imp_?handle_events@?$ACE_Select_Reactor_T@V?$ACE_Reactor_Token_T@VACE_Token@@@@@@UAEHAAVACE_Time_Value@@@Z)
Bug_2815_Regression_Test.obj : error LNK2001: symbole externe non résolu "__declspec(dllimport) public: virtual int __thiscall ACE_Select_Reactor_T<class ACE_Reactor_Token_T<class ACE_Token> >::work_pending(class ACE_Time_Value const &)" (__imp_?work_pending@?$ACE_Select_Reactor_T@V?$ACE_Reactor_Token_T@VACE_Token@@@@@@UAEHABVACE_Time_Value@@@Z)
Bug_2815_Regression_Test.obj : error LNK2001: symbole externe non résolu "__declspec(dllimport) public: virtual __thiscall ACE_Select_Reactor_T<class ACE_Reactor_Token_T<class ACE_Token> >::~ACE_Select_Reactor_T<class ACE_Reactor_Token_T<class ACE_Token> >(void)" (__imp_??1?$ACE_Select_Reactor_T@V?$ACE_Reactor_Token_T@VACE_Token@@@@@@UAE@XZ)
Bug_2815_Regression_Test.obj : error LNK2001: symbole externe non résolu "__declspec(dllimport) public: virtual int __thiscall ACE_Select_Reactor_T<class ACE_Reactor_Token_T<class ACE_Token> >::close(void)" (__imp_?close@?$ACE_Select_Reactor_T@V?$ACE_Reactor_Token_T@VACE_Token@@@@@@UAEHXZ)
    Conseil sur les symboles définis et susceptibles de correspondre :
      "__declspec(dllimport) public: void __thiscall ACE_Test_Output::close(void)" (__imp_?close@ACE_Test_Output@@QAEXXZ)
Bug_2815_Regression_Test.obj : error LNK2001: symbole externe non résolu "__declspec(dllimport) public: virtual int __thiscall ACE_Select_Reactor_T<class ACE_Reactor_Token_T<class ACE_Token> >::timer_queue(class ACE_Abstract_Timer_Queue<class ACE_Event_Handler *> *)" (__imp_?timer_queue@?$ACE_Select_Reactor_T@V?$ACE_Reactor_Token_T@VACE_Token@@@@@@UAEHPAV?$ACE_Abstract_Timer_Queue@PAVACE_Event_Handler@@@@@Z)
Bug_2815_Regression_Test.obj : error LNK2001: symbole externe non résolu "__declspec(dllimport) public: virtual class ACE_Abstract_Timer_Queue<class ACE_Event_Handler *> * __thiscall ACE_Select_Reactor_T<class ACE_Reactor_Token_T<class ACE_Token> >::timer_queue(void)const " (__imp_?timer_queue@?$ACE_Select_Reactor_T@V?$ACE_Reactor_Token_T@VACE_Token@@@@@@UBEPAV?$ACE_Abstract_Timer_Queue@PAVACE_Event_Handler@@@@XZ)
Bug_2815_Regression_Test.obj : error LNK2001: symbole externe non résolu "__declspec(dllimport) public: virtual int __thiscall ACE_Select_Reactor_T<class ACE_Reactor_Token_T<class ACE_Token> >::set_sig_handler(class ACE_Sig_Handler *)" (__imp_?set_sig_handler@?$ACE_Select_Reactor_T@V?$ACE_Reactor_Token_T@VACE_Token@@@@@@UAEHPAVACE_Sig_Handler@@@Z)
Bug_2815_Regression_Test.obj : error LNK2001: symbole externe non résolu "__declspec(dllimport) public: virtual int __thiscall ACE_Select_Reactor_T<class ACE_Reactor_Token_T<class ACE_Token> >::current_info(void *,unsigned int &)" (__imp_?current_info@?$ACE_Select_Reactor_T@V?$ACE_Reactor_Token_T@VACE_Token@@@@@@UAEHPAXAAI@Z)
Bug_2815_Regression_Test.obj : error LNK2001: symbole externe non résolu "__declspec(dllimport) public: virtual int __thiscall ACE_Select_Reactor_T<class ACE_Reactor_Token_T<class ACE_Token> >::open(unsigned int,bool,class ACE_Sig_Handler *,class ACE_Abstract_Timer_Queue<class ACE_Event_Handler *> *,int,class ACE_Reactor_Notify *)" (__imp_?open@?$ACE_Select_Reactor_T@V?$ACE_Reactor_Token_T@VACE_Token@@@@@@UAEHI_NPAVACE_Sig_Handler@@PAV?$ACE_Abstract_Timer_Queue@PAVACE_Event_Handler@@@@HPAVACE_Reactor_Notify@@@Z)
Bug_2815_Regression_Test.obj : error LNK2001: symbole externe non résolu "__declspec(dllimport) public: __thiscall ACE_Select_Reactor_T<class ACE_Reactor_Token_T<class ACE_Token> >::ACE_Select_Reactor_T<class ACE_Reactor_Token_T<class ACE_Token> >(class ACE_Sig_Handler *,class ACE_Abstract_Timer_Queue<class ACE_Event_Handler *> *,int,class ACE_Reactor_Notify *,bool,int)" (__imp_??0?$ACE_Select_Reactor_T@V?$ACE_Reactor_Token_T@VACE_Token@@@@@@QAE@PAVACE_Sig_Handler@@PAV?$ACE_Abstract_Timer_Queue@PAVACE_Event_Handler@@@@HPAVACE_Reactor_Notify@@_NH@Z)
Bug_2815_Regression_Test.obj : error LNK2001: symbole externe non résolu "__declspec(dllimport) public: int __cdecl ACE_Log_Msg::log(enum ACE_Log_Priority,char const *,...)" (__imp_?log@ACE_Log_Msg@@QAAHW4ACE_Log_Priority@@PBDZZ)
Bug_2815_Regression_Test.obj : error LNK2001: symbole externe non résolu "__declspec(dllimport) public: void __thiscall ACE_Log_Msg::conditional_set(char const *,int,int,int)" (__imp_?conditional_set@ACE_Log_Msg@@QAEXPBDHHH@Z)
Bug_2815_Regression_Test.obj : error LNK2001: symbole externe non résolu "__declspec(dllimport) public: int __thiscall ACE_Log_Msg::open(char const *,unsigned long,char const *)" (__imp_?open@ACE_Log_Msg@@QAEHPBDK0@Z)
Bug_2815_Regression_Test.obj : error LNK2001: symbole externe non résolu "__declspec(dllimport) public: static int __cdecl ACE_Log_Msg::last_error_adapter(void)" (__imp_?last_error_adapter@ACE_Log_Msg@@SAHXZ)
Bug_2815_Regression_Test.obj : error LNK2001: symbole externe non résolu "__declspec(dllimport) public: static class ACE_Log_Msg * __cdecl ACE_Log_Msg::instance(void)" (__imp_?instance@ACE_Log_Msg@@SAPAV1@XZ)
    Conseil sur les symboles définis et susceptibles de correspondre :
      "__declspec(dllimport) public: static class ACE_Test_Output * __cdecl ACE_Test_Output::instance(void)" (__imp_?instance@ACE_Test_Output@@SAPAV1@XZ)
Bug_2815_Regression_Test.obj : error LNK2001: symbole externe non résolu "__declspec(dllimport) public: __thiscall ACE_Time_Value::ACE_Time_Value(struct _FILETIME const &)" (__imp_??0ACE_Time_Value@@QAE@ABU_FILETIME@@@Z)
Bug_2815_Regression_Test.obj : error LNK2001: symbole externe non résolu "__declspec(dllimport) protected: __thiscall ACE_Event_Handler::ACE_Event_Handler(class ACE_Reactor *,int)" (__imp_??0ACE_Event_Handler@@IAE@PAVACE_Reactor@@H@Z)
Bug_2815_Regression_Test.obj : error LNK2001: symbole externe non résolu "__declspec(dllimport) public: virtual long __thiscall ACE_Event_Handler::remove_reference(void)" (__imp_?remove_reference@ACE_Event_Handler@@UAEJXZ)
Bug_2815_Regression_Test.obj : error LNK2001: symbole externe non résolu "__declspec(dllimport) public: virtual long __thiscall ACE_Event_Handler::add_reference(void)" (__imp_?add_reference@ACE_Event_Handler@@UAEJXZ)
Bug_2815_Regression_Test.obj : error LNK2001: symbole externe non résolu "__declspec(dllimport) public: virtual class ACE_Reactor_Timer_Interface * __thiscall ACE_Event_Handler::reactor_timer_interface(void)const " (__imp_?reactor_timer_interface@ACE_Event_Handler@@UBEPAVACE_Reactor_Timer_Interface@@XZ)
Bug_2815_Regression_Test.obj : error LNK2001: symbole externe non résolu "__declspec(dllimport) public: virtual void __thiscall ACE_Event_Handler::reactor(class ACE_Reactor *)" (__imp_?reactor@ACE_Event_Handler@@UAEXPAVACE_Reactor@@@Z)
Bug_2815_Regression_Test.obj : error LNK2001: symbole externe non résolu "__declspec(dllimport) public: virtual class ACE_Reactor * __thiscall ACE_Event_Handler::reactor(void)const " (__imp_?reactor@ACE_Event_Handler@@UBEPAVACE_Reactor@@XZ)
Bug_2815_Regression_Test.obj : error LNK2001: symbole externe non résolu "__declspec(dllimport) public: virtual int __thiscall ACE_Event_Handler::handle_group_qos(void *)" (__imp_?handle_group_qos@ACE_Event_Handler@@UAEHPAX@Z)
Bug_2815_Regression_Test.obj : error LNK2001: symbole externe non résolu "__declspec(dllimport) public: virtual int __thiscall ACE_Event_Handler::handle_qos(void *)" (__imp_?handle_qos@ACE_Event_Handler@@UAEHPAX@Z)
Bug_2815_Regression_Test.obj : error LNK2001: symbole externe non résolu "__declspec(dllimport) public: virtual int __thiscall ACE_Event_Handler::resume_handler(void)" (__imp_?resume_handler@ACE_Event_Handler@@UAEHXZ)
Bug_2815_Regression_Test.obj : error LNK2001: symbole externe non résolu "__declspec(dllimport) public: virtual int __thiscall ACE_Event_Handler::handle_signal(int,struct siginfo_t *,int *)" (__imp_?handle_signal@ACE_Event_Handler@@UAEHHPAUsiginfo_t@@PAH@Z)
Bug_2815_Regression_Test.obj : error LNK2001: symbole externe non résolu "__declspec(dllimport) public: virtual int __thiscall ACE_Event_Handler::handle_close(void *,unsigned long)" (__imp_?handle_close@ACE_Event_Handler@@UAEHPAXK@Z)
Bug_2815_Regression_Test.obj : error LNK2001: symbole externe non résolu "__declspec(dllimport) public: virtual int __thiscall ACE_Event_Handler::handle_exit(class ACE_Process *)" (__imp_?handle_exit@ACE_Event_Handler@@UAEHPAVACE_Process@@@Z)
Bug_2815_Regression_Test.obj : error LNK2001: symbole externe non résolu "__declspec(dllimport) public: virtual int __thiscall ACE_Event_Handler::handle_timeout(class ACE_Time_Value const &,void const *)" (__imp_?handle_timeout@ACE_Event_Handler@@UAEHABVACE_Time_Value@@PBX@Z)
Bug_2815_Regression_Test.obj : error LNK2001: symbole externe non résolu "__declspec(dllimport) public: virtual int __thiscall ACE_Event_Handler::handle_output(void *)" (__imp_?handle_output@ACE_Event_Handler@@UAEHPAX@Z)
Bug_2815_Regression_Test.obj : error LNK2001: symbole externe non résolu "__declspec(dllimport) public: virtual int __thiscall ACE_Event_Handler::handle_input(void *)" (__imp_?handle_input@ACE_Event_Handler@@UAEHPAX@Z)
Bug_2815_Regression_Test.obj : error LNK2001: symbole externe non résolu "__declspec(dllimport) public: virtual int __thiscall ACE_Event_Handler::priority(void)const " (__imp_?priority@ACE_Event_Handler@@UBEHXZ)
Bug_2815_Regression_Test.obj : error LNK2001: symbole externe non résolu "__declspec(dllimport) public: virtual void __thiscall ACE_Event_Handler::priority(int)" (__imp_?priority@ACE_Event_Handler@@UAEXH@Z)
Bug_2815_Regression_Test.obj : error LNK2001: symbole externe non résolu "__declspec(dllimport) public: virtual void __thiscall ACE_Event_Handler::set_handle(void *)" (__imp_?set_handle@ACE_Event_Handler@@UAEXPAX@Z)
Bug_2815_Regression_Test.obj : error LNK2001: symbole externe non résolu "__declspec(dllimport) public: virtual void * __thiscall ACE_Event_Handler::get_handle(void)const " (__imp_?get_handle@ACE_Event_Handler@@UBEPAXXZ)
Bug_2815_Regression_Test.obj : error LNK2001: symbole externe non résolu "__declspec(dllimport) public: virtual __thiscall ACE_Event_Handler::~ACE_Event_Handler(void)" (__imp_??1ACE_Event_Handler@@UAE@XZ)
Bug_2815_Regression_Test.obj : error LNK2001: symbole externe non résolu "__declspec(dllimport) public: virtual __thiscall ACE_TP_Reactor::~ACE_TP_Reactor(void)" (__imp_??1ACE_TP_Reactor@@UAE@XZ)
Bug_2815_Regression_Test.obj : error LNK2001: symbole externe non résolu "__declspec(dllimport) protected: virtual void __thiscall ACE_TP_Reactor::clear_dispatch_mask(void *,unsigned long)" (__imp_?clear_dispatch_mask@ACE_TP_Reactor@@MAEXPAXK@Z)
Bug_2815_Regression_Test.obj : error LNK2001: symbole externe non résolu "__declspec(dllimport) public: void __thiscall ACE_Handle_Set::reset(void)" (__imp_?reset@ACE_Handle_Set@@QAEXXZ)
Bug_2815_Regression_Test.obj : error LNK2001: symbole externe non résolu "__declspec(dllimport) public: int __thiscall ACE_Reactor::purge_pending_notifications(class ACE_Event_Handler *,unsigned long)" (__imp_?purge_pending_notifications@ACE_Reactor@@QAEHPAVACE_Event_Handler@@K@Z)
Bug_2815_Regression_Test.obj : error LNK2001: symbole externe non résolu "__declspec(dllimport) class ACE_Time_Value __cdecl operator-(class ACE_Time_Value const &,class ACE_Time_Value const &)" (__imp_??G@YA?AVACE_Time_Value@@ABV0@0@Z)
Bug_2815_Regression_Test.obj : error LNK2001: symbole externe non résolu "__declspec(dllimport) bool __cdecl operator>=(class ACE_Time_Value const &,class ACE_Time_Value const &)" (__imp_??P@YA_NABVACE_Time_Value@@0@Z)
Bug_2815_Regression_Test.obj : error LNK2001: symbole externe non résolu "__declspec(dllimport) public: long __thiscall ACE_Time_Value::usec(void)const " (__imp_?usec@ACE_Time_Value@@QBEJXZ)
Bug_2815_Regression_Test.obj : error LNK2001: symbole externe non résolu "__declspec(dllimport) public: __int64 __thiscall ACE_Time_Value::sec(void)const " (__imp_?sec@ACE_Time_Value@@QBE_JXZ)
Bug_2815_Regression_Test.obj : error LNK2001: symbole externe non résolu "__declspec(dllimport) public: __thiscall ACE_Time_Value::ACE_Time_Value(__int64,long)" (__imp_??0ACE_Time_Value@@QAE@_JJ@Z)
Bug_2815_Regression_Test.obj : error LNK2001: symbole externe non résolu "__declspec(dllimport) public: virtual __thiscall ACE_Time_Value::~ACE_Time_Value(void)" (__imp_??1ACE_Time_Value@@UAE@XZ)
Main.obj : error LNK2001: symbole externe non résolu "__declspec(dllimport) public: int __thiscall ACE_Main_Base::run(int,char * * const)" (__imp_?run@ACE_Main_Base@@QAEHHQAPAD@Z)
Main.obj : error LNK2001: symbole externe non résolu "__declspec(dllimport) public: virtual __thiscall ACE_Main_Base::~ACE_Main_Base(void)" (__imp_??1ACE_Main_Base@@UAE@XZ)
Main.obj : error LNK2001: symbole externe non résolu "__declspec(dllimport) public: __thiscall ACE_Main_Base::ACE_Main_Base(void)" (__imp_??0ACE_Main_Base@@QAE@XZ)
Release\Bug_2815_Regression_Test.exe : fatal error LNK1120: 141 externes non résolus
