  Bug_4189_Regression_Test.cpp
  Main.cpp
Bug_4189_Regression_Test.obj : error LNK2001: symbole externe non résolu "__declspec(dllimport) public: virtual __thiscall ACE_INET_Addr::~ACE_INET_Addr(void)" (__imp_??1ACE_INET_Addr@@UAE@XZ)
Bug_4189_Regression_Test.obj : error LNK2001: symbole externe non résolu "__declspec(dllimport) public: __thiscall ACE_INET_Addr::ACE_INET_Addr(unsigned short,unsigned int)" (__imp_??0ACE_INET_Addr@@QAE@GI@Z)
Bug_4189_Regression_Test.obj : error LNK2001: symbole externe non résolu "__declspec(dllimport) public: int __thiscall ACE_SOCK_Dgram_Bcast::close(void)" (__imp_?close@ACE_SOCK_Dgram_Bcast@@QAEHXZ)
    Conseil sur les symboles définis et susceptibles de correspondre :
      "__declspec(dllimport) public: void __thiscall ACE_Test_Output::close(void)" (__imp_?close@ACE_Test_Output@@QAEXXZ)
Bug_4189_Regression_Test.obj : error LNK2001: symbole externe non résolu "__declspec(dllimport) public: int __thiscall ACE_SOCK_Dgram_Bcast::open(class ACE_Addr const &,int,int,int,char const *)" (__imp_?open@ACE_SOCK_Dgram_Bcast@@QAEHABVACE_Addr@@HHHPBD@Z)
Bug_4189_Regression_Test.obj : error LNK2001: symbole externe non résolu "__declspec(dllimport) public: __thiscall ACE_SOCK_Dgram_Bcast::ACE_SOCK_Dgram_Bcast(void)" (__imp_??0ACE_SOCK_Dgram_Bcast@@QAE@XZ)
Bug_4189_Regression_Test.obj : error LNK2001: symbole externe non résolu "__declspec(dllimport) public: int __thiscall ACE_Thread_Manager::wait(class ACE_Time_Value const *,bool,bool)" (__imp_?wait@ACE_Thread_Manager@@QAEHPBVACE_Time_Value@@_N1@Z)
Bug_4189_Regression_Test.obj : error LNK2001: symbole externe non résolu "__declspec(dllimport) public: int __thiscall ACE_Thread_Manager::spawn_n(unsigned int,unsigned long (__cdecl*)(void *),void *,long,long,int,class ACE_Task_Base *,void * * const,void * * const,unsigned int * const,char const * * const)" (__imp_?spawn_n@ACE_Thread_Manager@@QAEHIP6AKPAX@Z0JJHPAVACE_Task_Base@@QAPAX3QAIQAPBD@Z)
Bug_4189_Regression_Test.obj : error LNK2001: symbole externe non résolu "__declspec(dllimport) public: static class ACE_Thread_Manager * __cdecl ACE_Thread_Manager::instance(void)" (__imp_?instance@ACE_Thread_Manager@@SAPAV1@XZ)
    Conseil sur les symboles définis et susceptibles de correspondre :
      "__declspec(dllimport) public: static class ACE_Test_Output * __cdecl ACE_Test_Output::instance(void)" (__imp_?instance@ACE_Test_Output@@SAPAV1@XZ)
Bug_4189_Regression_Test.obj : error LNK2001: symbole externe non résolu "__declspec(dllimport) public: int __cdecl ACE_Log_Msg::log(enum ACE_Log_Priority,char const *,...)" (__imp_?log@ACE_Log_Msg@@QAAHW4ACE_Log_Priority@@PBDZZ)
Bug_4189_Regression_Test.obj : error LNK2001: symbole externe non résolu "__declspec(dllimport) public: void __thiscall ACE_Log_Msg::conditional_set(char const *,int,int,int)" (__imp_?conditional_set@ACE_Log_Msg@@QAEXPBDHHH@Z)
Bug_4189_Regression_Test.obj : error LNK2001: symbole externe non résolu "__declspec(dllimport) public: int __thiscall ACE_Log_Msg::open(char const *,unsigned long,char const *)" (__imp_?open@ACE_Log_Msg@@QAEHPBDK0@Z)
Bug_4189_Regression_Test.obj : error LNK2001: symbole externe non résolu "__declspec(dllimport) public: static int __cdecl ACE_Log_Msg::last_error_adapter(void)" (__imp_?last_error_adapter@ACE_Log_Msg@@SAHXZ)
Bug_4189_Regression_Test.obj : error LNK2001: symbole externe non résolu "__declspec(dllimport) public: static class ACE_Log_Msg * __cdecl ACE_Log_Msg::instance(void)" (__imp_?instance@ACE_Log_Msg@@SAPAV1@XZ)
    Conseil sur les symboles définis et susceptibles de correspondre :
      "__declspec(dllimport) public: static class ACE_Test_Output * __cdecl ACE_Test_Output::instance(void)" (__imp_?instance@ACE_Test_Output@@SAPAV1@XZ)
Bug_4189_Regression_Test.obj : error LNK2001: symbole externe non résolu "__declspec(dllimport) public: __thiscall ACE_SOCK_Dgram_Bcast::~ACE_SOCK_Dgram_Bcast(void)" (__imp_??1ACE_SOCK_Dgram_Bcast@@QAE@XZ)
Bug_4189_Regression_Test.obj : error LNK2001: symbole externe non résolu "__declspec(dllimport) public: unsigned long __thiscall ACE_Time_Value::msec(void)const " (__imp_?msec@ACE_Time_Value@@QBEKXZ)
Bug_4189_Regression_Test.obj : error LNK2001: symbole externe non résolu "__declspec(dllimport) public: __thiscall ACE_Time_Value::ACE_Time_Value(__int64,long)" (__imp_??0ACE_Time_Value@@QAE@_JJ@Z)
Bug_4189_Regression_Test.obj : error LNK2001: symbole externe non résolu "__declspec(dllimport) public: virtual __thiscall ACE_Time_Value::~ACE_Time_Value(void)" (__imp_??1ACE_Time_Value@@UAE@XZ)
Main.obj : error LNK2001: symbole externe non résolu "__declspec(dllimport) public: int __thiscall ACE_Main_Base::run(int,char * * const)" (__imp_?run@ACE_Main_Base@@QAEHHQAPAD@Z)
Main.obj : error LNK2001: symbole externe non résolu "__declspec(dllimport) public: virtual __thiscall ACE_Main_Base::~ACE_Main_Base(void)" (__imp_??1ACE_Main_Base@@UAE@XZ)
Main.obj : error LNK2001: symbole externe non résolu "__declspec(dllimport) public: __thiscall ACE_Main_Base::ACE_Main_Base(void)" (__imp_??0ACE_Main_Base@@QAE@XZ)
Release\Bug_4189_Regression_Test.exe : fatal error LNK1120: 20 externes non résolus
